Analysis & Synthesis report for top
Sat Nov 24 18:52:24 2018
Quartus II 64-Bit Version 13.1.0 Build 162 10/23/2013 SJ Web Edition


---------------------
; Table of Contents ;
---------------------
  1. Legal Notice
  2. Analysis & Synthesis Summary
  3. Analysis & Synthesis Settings
  4. Parallel Compilation
  5. Analysis & Synthesis Source Files Read
  6. Analysis & Synthesis Resource Usage Summary
  7. Analysis & Synthesis Resource Utilization by Entity
  8. Registers Removed During Synthesis
  9. Removed Registers Triggering Further Register Optimizations
 10. General Register Statistics
 11. Inverted Register Statistics
 12. Multiplexer Restructuring Statistics (Restructuring Performed)
 13. Elapsed Time Per Partition
 14. Analysis & Synthesis Messages



----------------
; Legal Notice ;
----------------
Copyright (C) 1991-2013 Altera Corporation
Your use of Altera Corporation's design tools, logic functions 
and other software and tools, and its AMPP partner logic 
functions, and any output files from any of the foregoing 
(including device programming or simulation files), and any 
associated documentation or information are expressly subject 
to the terms and conditions of the Altera Program License 
Subscription Agreement, Altera MegaCore Function License 
Agreement, or other applicable license agreement, including, 
without limitation, that your use is for the sole purpose of 
programming logic devices manufactured by Altera and sold by 
Altera or its authorized distributors.  Please refer to the 
applicable agreement for further details.



+---------------------------------------------------------------------------------+
; Analysis & Synthesis Summary                                                    ;
+------------------------------------+--------------------------------------------+
; Analysis & Synthesis Status        ; Successful - Sat Nov 24 18:52:24 2018      ;
; Quartus II 64-Bit Version          ; 13.1.0 Build 162 10/23/2013 SJ Web Edition ;
; Revision Name                      ; top                                        ;
; Top-level Entity Name              ; top                                        ;
; Family                             ; Cyclone III                                ;
; Total logic elements               ; 1,973                                      ;
;     Total combinational functions  ; 1,925                                      ;
;     Dedicated logic registers      ; 762                                        ;
; Total registers                    ; 762                                        ;
; Total pins                         ; 53                                         ;
; Total virtual pins                 ; 0                                          ;
; Total memory bits                  ; 0                                          ;
; Embedded Multiplier 9-bit elements ; 0                                          ;
; Total PLLs                         ; 0                                          ;
+------------------------------------+--------------------------------------------+


+----------------------------------------------------------------------------------------------------------------------+
; Analysis & Synthesis Settings                                                                                        ;
+----------------------------------------------------------------------------+--------------------+--------------------+
; Option                                                                     ; Setting            ; Default Value      ;
+----------------------------------------------------------------------------+--------------------+--------------------+
; Device                                                                     ; EP3C16F484C6       ;                    ;
; Top-level entity name                                                      ; top                ; top                ;
; Family name                                                                ; Cyclone III        ; Cyclone IV GX      ;
; Use smart compilation                                                      ; Off                ; Off                ;
; Enable parallel Assembler and TimeQuest Timing Analyzer during compilation ; On                 ; On                 ;
; Enable compact report table                                                ; Off                ; Off                ;
; Restructure Multiplexers                                                   ; Auto               ; Auto               ;
; Create Debugging Nodes for IP Cores                                        ; Off                ; Off                ;
; Preserve fewer node names                                                  ; On                 ; On                 ;
; Disable OpenCore Plus hardware evaluation                                  ; Off                ; Off                ;
; Verilog Version                                                            ; Verilog_2001       ; Verilog_2001       ;
; VHDL Version                                                               ; VHDL_1993          ; VHDL_1993          ;
; State Machine Processing                                                   ; Auto               ; Auto               ;
; Safe State Machine                                                         ; Off                ; Off                ;
; Extract Verilog State Machines                                             ; On                 ; On                 ;
; Extract VHDL State Machines                                                ; On                 ; On                 ;
; Ignore Verilog initial constructs                                          ; Off                ; Off                ;
; Iteration limit for constant Verilog loops                                 ; 5000               ; 5000               ;
; Iteration limit for non-constant Verilog loops                             ; 250                ; 250                ;
; Add Pass-Through Logic to Inferred RAMs                                    ; On                 ; On                 ;
; Infer RAMs from Raw Logic                                                  ; On                 ; On                 ;
; Parallel Synthesis                                                         ; On                 ; On                 ;
; DSP Block Balancing                                                        ; Auto               ; Auto               ;
; NOT Gate Push-Back                                                         ; On                 ; On                 ;
; Power-Up Don't Care                                                        ; On                 ; On                 ;
; Remove Redundant Logic Cells                                               ; Off                ; Off                ;
; Remove Duplicate Registers                                                 ; On                 ; On                 ;
; Ignore CARRY Buffers                                                       ; Off                ; Off                ;
; Ignore CASCADE Buffers                                                     ; Off                ; Off                ;
; Ignore GLOBAL Buffers                                                      ; Off                ; Off                ;
; Ignore ROW GLOBAL Buffers                                                  ; Off                ; Off                ;
; Ignore LCELL Buffers                                                       ; Off                ; Off                ;
; Ignore SOFT Buffers                                                        ; On                 ; On                 ;
; Limit AHDL Integers to 32 Bits                                             ; Off                ; Off                ;
; Optimization Technique                                                     ; Balanced           ; Balanced           ;
; Carry Chain Length                                                         ; 70                 ; 70                 ;
; Auto Carry Chains                                                          ; On                 ; On                 ;
; Auto Open-Drain Pins                                                       ; On                 ; On                 ;
; Perform WYSIWYG Primitive Resynthesis                                      ; Off                ; Off                ;
; Auto ROM Replacement                                                       ; On                 ; On                 ;
; Auto RAM Replacement                                                       ; On                 ; On                 ;
; Auto DSP Block Replacement                                                 ; On                 ; On                 ;
; Auto Shift Register Replacement                                            ; Auto               ; Auto               ;
; Allow Shift Register Merging across Hierarchies                            ; Auto               ; Auto               ;
; Auto Clock Enable Replacement                                              ; On                 ; On                 ;
; Strict RAM Replacement                                                     ; Off                ; Off                ;
; Allow Synchronous Control Signals                                          ; On                 ; On                 ;
; Force Use of Synchronous Clear Signals                                     ; Off                ; Off                ;
; Auto RAM Block Balancing                                                   ; On                 ; On                 ;
; Auto RAM to Logic Cell Conversion                                          ; Off                ; Off                ;
; Auto Resource Sharing                                                      ; Off                ; Off                ;
; Allow Any RAM Size For Recognition                                         ; Off                ; Off                ;
; Allow Any ROM Size For Recognition                                         ; Off                ; Off                ;
; Allow Any Shift Register Size For Recognition                              ; Off                ; Off                ;
; Use LogicLock Constraints during Resource Balancing                        ; On                 ; On                 ;
; Ignore translate_off and synthesis_off directives                          ; Off                ; Off                ;
; Timing-Driven Synthesis                                                    ; On                 ; On                 ;
; Report Parameter Settings                                                  ; On                 ; On                 ;
; Report Source Assignments                                                  ; On                 ; On                 ;
; Report Connectivity Checks                                                 ; On                 ; On                 ;
; Ignore Maximum Fan-Out Assignments                                         ; Off                ; Off                ;
; Synchronization Register Chain Length                                      ; 2                  ; 2                  ;
; PowerPlay Power Optimization                                               ; Normal compilation ; Normal compilation ;
; HDL message level                                                          ; Level2             ; Level2             ;
; Suppress Register Optimization Related Messages                            ; Off                ; Off                ;
; Number of Removed Registers Reported in Synthesis Report                   ; 5000               ; 5000               ;
; Number of Swept Nodes Reported in Synthesis Report                         ; 5000               ; 5000               ;
; Number of Inverted Registers Reported in Synthesis Report                  ; 100                ; 100                ;
; Clock MUX Protection                                                       ; On                 ; On                 ;
; Auto Gated Clock Conversion                                                ; Off                ; Off                ;
; Block Design Naming                                                        ; Auto               ; Auto               ;
; SDC constraint protection                                                  ; Off                ; Off                ;
; Synthesis Effort                                                           ; Auto               ; Auto               ;
; Shift Register Replacement - Allow Asynchronous Clear Signal               ; On                 ; On                 ;
; Pre-Mapping Resynthesis Optimization                                       ; Off                ; Off                ;
; Analysis & Synthesis Message Level                                         ; Medium             ; Medium             ;
; Disable Register Merging Across Hierarchies                                ; Auto               ; Auto               ;
; Resource Aware Inference For Block RAM                                     ; On                 ; On                 ;
; Synthesis Seed                                                             ; 1                  ; 1                  ;
+----------------------------------------------------------------------------+--------------------+--------------------+


+------------------------------------------+
; Parallel Compilation                     ;
+----------------------------+-------------+
; Processors                 ; Number      ;
+----------------------------+-------------+
; Number detected on machine ; 4           ;
; Maximum allowed            ; 2           ;
;                            ;             ;
; Average used               ; 1.00        ;
; Maximum used               ; 2           ;
;                            ;             ;
; Usage by Processor         ; % Time Used ;
;     Processor 1            ; 100.0%      ;
;     Processor 2            ; < 0.1%      ;
;     Processors 3-4         ;   0.0%      ;
+----------------------------+-------------+


+------------------------------------------------------------------------------------------------------------------------------------------------------------+
; Analysis & Synthesis Source Files Read                                                                                                                     ;
+----------------------------------+-----------------+-----------------+---------------------------------------------------------------------------+---------+
; File Name with User-Entered Path ; Used in Netlist ; File Type       ; File Name with Absolute Path                                              ; Library ;
+----------------------------------+-----------------+-----------------+---------------------------------------------------------------------------+---------+
; top.vhd                          ; yes             ; User VHDL File  ; C:/Users/vinic/OneDrive/Documents/trabalho_lab_hardware/top.vhd           ;         ;
; DeBounce.vhd                     ; yes             ; User VHDL File  ; C:/Users/vinic/OneDrive/Documents/trabalho_lab_hardware/DeBounce.vhd      ;         ;
; counter.vhd                      ; yes             ; User VHDL File  ; C:/Users/vinic/OneDrive/Documents/trabalho_lab_hardware/counter.vhd       ;         ;
; CDiv.vhd                         ; yes             ; User VHDL File  ; C:/Users/vinic/OneDrive/Documents/trabalho_lab_hardware/CDiv.vhd          ;         ;
; BinHexDecoder.vhd                ; yes             ; User VHDL File  ; C:/Users/vinic/OneDrive/Documents/trabalho_lab_hardware/BinHexDecoder.vhd ;         ;
+----------------------------------+-----------------+-----------------+---------------------------------------------------------------------------+---------+


+---------------------------------------------------------+
; Analysis & Synthesis Resource Usage Summary             ;
+---------------------------------------------+-----------+
; Resource                                    ; Usage     ;
+---------------------------------------------+-----------+
; Estimated Total logic elements              ; 1,973     ;
;                                             ;           ;
; Total combinational functions               ; 1925      ;
; Logic element usage by number of LUT inputs ;           ;
;     -- 4 input functions                    ; 669       ;
;     -- 3 input functions                    ; 518       ;
;     -- <=2 input functions                  ; 738       ;
;                                             ;           ;
; Logic elements by mode                      ;           ;
;     -- normal mode                          ; 1085      ;
;     -- arithmetic mode                      ; 840       ;
;                                             ;           ;
; Total registers                             ; 762       ;
;     -- Dedicated logic registers            ; 762       ;
;     -- I/O registers                        ; 0         ;
;                                             ;           ;
; I/O pins                                    ; 53        ;
; Embedded Multiplier 9-bit elements          ; 0         ;
; Maximum fan-out node                        ; clk~input ;
; Maximum fan-out                             ; 760       ;
; Total fan-out                               ; 8146      ;
; Average fan-out                             ; 2.92      ;
+---------------------------------------------+-----------+


+-----------------------------------------------------------------------------------------------------------------------------------------------------------------------------------+
; Analysis & Synthesis Resource Utilization by Entity                                                                                                                               ;
+----------------------------+-------------------+--------------+-------------+--------------+---------+-----------+------+--------------+---------------------------+--------------+
; Compilation Hierarchy Node ; LC Combinationals ; LC Registers ; Memory Bits ; DSP Elements ; DSP 9x9 ; DSP 18x18 ; Pins ; Virtual Pins ; Full Hierarchy Name       ; Library Name ;
+----------------------------+-------------------+--------------+-------------+--------------+---------+-----------+------+--------------+---------------------------+--------------+
; |top                       ; 1925 (1632)       ; 762 (570)    ; 0           ; 0            ; 0       ; 0         ; 53   ; 0            ; |top                      ; work         ;
;    |BcdSegDecoder:Digit1|  ; 7 (7)             ; 7 (7)        ; 0           ; 0            ; 0       ; 0         ; 0    ; 0            ; |top|BcdSegDecoder:Digit1 ; work         ;
;    |BcdSegDecoder:Digit2|  ; 7 (7)             ; 7 (7)        ; 0           ; 0            ; 0       ; 0         ; 0    ; 0            ; |top|BcdSegDecoder:Digit2 ; work         ;
;    |BcdSegDecoder:Digit3|  ; 7 (7)             ; 7 (7)        ; 0           ; 0            ; 0       ; 0         ; 0    ; 0            ; |top|BcdSegDecoder:Digit3 ; work         ;
;    |CDiv:SegClock|         ; 59 (59)           ; 41 (41)      ; 0           ; 0            ; 0       ; 0         ; 0    ; 0            ; |top|CDiv:SegClock        ; work         ;
;    |Counter:ScoreCounter|  ; 211 (211)         ; 128 (128)    ; 0           ; 0            ; 0       ; 0         ; 0    ; 0            ; |top|Counter:ScoreCounter ; work         ;
;    |Debo:JumpDebo|         ; 2 (2)             ; 2 (2)        ; 0           ; 0            ; 0       ; 0         ; 0    ; 0            ; |top|Debo:JumpDebo        ; work         ;
+----------------------------+-------------------+--------------+-------------+--------------+---------+-----------+------+--------------+---------------------------+--------------+
Note: For table entries with two numbers listed, the numbers in parentheses indicate the number of resources of the given type used by the specific entity alone. The numbers listed outside of parentheses indicate the total resources of the given type used by the specific entity and all of its sub-entities in the hierarchy.


+----------------------------------------------------------------------------------+
; Registers Removed During Synthesis                                               ;
+-----------------------------------------+----------------------------------------+
; Register name                           ; Reason for Removal                     ;
+-----------------------------------------+----------------------------------------+
; rand_num[5..31]                         ; Stuck at GND due to stuck port data_in ;
; trexX[4..6]                             ; Stuck at GND due to stuck port data_in ;
; trexX[3]                                ; Stuck at VCC due to stuck port data_in ;
; trexX[0..2]                             ; Stuck at GND due to stuck port data_in ;
; highScoreI[16..31]                      ; Stuck at GND due to stuck port data_in ;
; Blue[0]~reg0                            ; Stuck at GND due to stuck port data_in ;
; trexX[7..31]                            ; Stuck at GND due to stuck port data_in ;
; Green[0]~reg0                           ; Stuck at GND due to stuck port data_in ;
; Red[0]~reg0                             ; Stuck at GND due to stuck port data_in ;
; \gameLogic:rand_temp[0]                 ; Merged with rand_num[0]                ;
; \gameLogic:rand_temp[1]                 ; Merged with rand_num[1]                ;
; \gameLogic:rand_temp[2]                 ; Merged with rand_num[2]                ;
; \gameLogic:rand_temp[3]                 ; Merged with rand_num[3]                ;
; Counter:ScoreCounter|t1000[0..3]        ; Stuck at GND due to stuck port data_in ;
; highScoreD[3][3]                        ; Stuck at GND due to stuck port data_in ;
; highScoreD[3][2]                        ; Stuck at GND due to stuck port data_in ;
; highScoreD[3][1]                        ; Stuck at GND due to stuck port data_in ;
; highScoreD[3][0]                        ; Stuck at GND due to stuck port data_in ;
; Counter:ScoreCounter|t1000[4..31]       ; Lost fanout                            ;
; d[12..15]                               ; Stuck at GND due to stuck port data_in ;
; BcdSegDecoder:Digit4|segment7[0]        ; Stuck at VCC due to stuck port data_in ;
; BcdSegDecoder:Digit4|segment7[1..6]     ; Stuck at GND due to stuck port data_in ;
; highScoreI[12..15]                      ; Stuck at GND due to stuck port data_in ;
; Total Number of Removed Registers = 133 ;                                        ;
+-----------------------------------------+----------------------------------------+


+-----------------------------------------------------------------------------------------------------------------------------------------------------+
; Removed Registers Triggering Further Register Optimizations                                                                                         ;
+-------------------------------+---------------------------+-----------------------------------------------------------------------------------------+
; Register name                 ; Reason for Removal        ; Registers Removed due to This Register                                                  ;
+-------------------------------+---------------------------+-----------------------------------------------------------------------------------------+
; Counter:ScoreCounter|t1000[3] ; Stuck at GND              ; highScoreD[3][3], d[15], BcdSegDecoder:Digit4|segment7[0],                              ;
;                               ; due to stuck port data_in ; BcdSegDecoder:Digit4|segment7[1], BcdSegDecoder:Digit4|segment7[2],                     ;
;                               ;                           ; BcdSegDecoder:Digit4|segment7[3], BcdSegDecoder:Digit4|segment7[4],                     ;
;                               ;                           ; BcdSegDecoder:Digit4|segment7[5], BcdSegDecoder:Digit4|segment7[6]                      ;
; Counter:ScoreCounter|t1000[0] ; Stuck at GND              ; highScoreD[3][0], d[12], highScoreI[12], highScoreI[13], highScoreI[14], highScoreI[15] ;
;                               ; due to stuck port data_in ;                                                                                         ;
; Counter:ScoreCounter|t1000[2] ; Stuck at GND              ; highScoreD[3][2], d[14]                                                                 ;
;                               ; due to stuck port data_in ;                                                                                         ;
; Counter:ScoreCounter|t1000[1] ; Stuck at GND              ; highScoreD[3][1], d[13]                                                                 ;
;                               ; due to stuck port data_in ;                                                                                         ;
+-------------------------------+---------------------------+-----------------------------------------------------------------------------------------+


+------------------------------------------------------+
; General Register Statistics                          ;
+----------------------------------------------+-------+
; Statistic                                    ; Value ;
+----------------------------------------------+-------+
; Total registers                              ; 762   ;
; Number of registers using Synchronous Clear  ; 142   ;
; Number of registers using Synchronous Load   ; 2     ;
; Number of registers using Asynchronous Clear ; 98    ;
; Number of registers using Asynchronous Load  ; 0     ;
; Number of registers using Clock Enable       ; 622   ;
; Number of registers using Preset             ; 0     ;
+----------------------------------------------+-------+


+---------------------------------------------------+
; Inverted Register Statistics                      ;
+-----------------------------------------+---------+
; Inverted Register                       ; Fan out ;
+-----------------------------------------+---------+
; hCount[7]                               ; 7       ;
; hCount[9]                               ; 6       ;
; vCount[5]                               ; 5       ;
; vCount[6]                               ; 4       ;
; vCount[7]                               ; 4       ;
; vCount[8]                               ; 4       ;
; cloudX_2[2]                             ; 3       ;
; cloudX_2[3]                             ; 3       ;
; cloudX_2[4]                             ; 3       ;
; cloudX_2[5]                             ; 3       ;
; cloudX_1[3]                             ; 3       ;
; cloudX_1[5]                             ; 3       ;
; cactusX_1[3]                            ; 5       ;
; cactusX_1[5]                            ; 3       ;
; cactusX_2[3]                            ; 5       ;
; cactusX_2[2]                            ; 3       ;
; cactusX_2[4]                            ; 3       ;
; cactusX_2[5]                            ; 3       ;
; cactusX_3[4]                            ; 3       ;
; cactusX_3[6]                            ; 3       ;
; pteroX[3]                               ; 5       ;
; pteroX[4]                               ; 3       ;
; pteroX[5]                               ; 3       ;
; pteroX[6]                               ; 3       ;
; trexY[4]                                ; 7       ;
; trexY[3]                                ; 8       ;
; \gameLogic:rand_temp[4]                 ; 1       ;
; Total number of inverted registers = 27 ;         ;
+-----------------------------------------+---------+


+---------------------------------------------------------------------------------------------------------------------------------------------------+
; Multiplexer Restructuring Statistics (Restructuring Performed)                                                                                    ;
+--------------------+-----------+---------------+----------------------+------------------------+------------+-------------------------------------+
; Multiplexer Inputs ; Bus Width ; Baseline Area ; Area if Restructured ; Saving if Restructured ; Registered ; Example Multiplexer Output          ;
+--------------------+-----------+---------------+----------------------+------------------------+------------+-------------------------------------+
; 3:1                ; 2 bits    ; 4 LEs         ; 2 LEs                ; 2 LEs                  ; Yes        ; |top|vsync~reg0                     ;
; 3:1                ; 32 bits   ; 64 LEs        ; 32 LEs               ; 32 LEs                 ; Yes        ; |top|gameSpeed[16]                  ;
; 3:1                ; 10 bits   ; 20 LEs        ; 10 LEs               ; 10 LEs                 ; Yes        ; |top|CDiv:SegClock|c1[4]            ;
; 3:1                ; 10 bits   ; 20 LEs        ; 10 LEs               ; 10 LEs                 ; Yes        ; |top|CDiv:SegClock|c2[9]            ;
; 3:1                ; 10 bits   ; 20 LEs        ; 10 LEs               ; 10 LEs                 ; Yes        ; |top|CDiv:SegClock|c3[1]            ;
; 3:1                ; 32 bits   ; 64 LEs        ; 32 LEs               ; 32 LEs                 ; Yes        ; |top|Counter:ScoreCounter|t0[2]     ;
; 4:1                ; 30 bits   ; 60 LEs        ; 30 LEs               ; 30 LEs                 ; Yes        ; |top|hCount[31]                     ;
; 4:1                ; 32 bits   ; 64 LEs        ; 32 LEs               ; 32 LEs                 ; Yes        ; |top|Counter:ScoreCounter|t10[15]   ;
; 4:1                ; 25 bits   ; 50 LEs        ; 25 LEs               ; 25 LEs                 ; Yes        ; |top|pteroX[24]                     ;
; 4:1                ; 3 bits    ; 6 LEs         ; 6 LEs                ; 0 LEs                  ; Yes        ; |top|pteroX[1]                      ;
; 5:1                ; 28 bits   ; 84 LEs        ; 28 LEs               ; 56 LEs                 ; Yes        ; |top|vCount[0]                      ;
; 5:1                ; 32 bits   ; 96 LEs        ; 32 LEs               ; 64 LEs                 ; Yes        ; |top|Counter:ScoreCounter|t1000[21] ;
; 5:1                ; 32 bits   ; 96 LEs        ; 32 LEs               ; 64 LEs                 ; Yes        ; |top|Counter:ScoreCounter|t100[23]  ;
; 5:1                ; 28 bits   ; 84 LEs        ; 28 LEs               ; 56 LEs                 ; Yes        ; |top|cloudX_2[19]                   ;
; 5:1                ; 30 bits   ; 90 LEs        ; 60 LEs               ; 30 LEs                 ; Yes        ; |top|cloudX_1[0]                    ;
; 6:1                ; 25 bits   ; 100 LEs       ; 25 LEs               ; 75 LEs                 ; Yes        ; |top|cactusX_3[17]                  ;
; 6:1                ; 25 bits   ; 100 LEs       ; 25 LEs               ; 75 LEs                 ; Yes        ; |top|cactusX_2[15]                  ;
; 6:1                ; 25 bits   ; 100 LEs       ; 25 LEs               ; 75 LEs                 ; Yes        ; |top|cactusX_1[20]                  ;
; 6:1                ; 5 bits    ; 20 LEs        ; 10 LEs               ; 10 LEs                 ; Yes        ; |top|cactusX_1[6]                   ;
; 6:1                ; 3 bits    ; 12 LEs        ; 6 LEs                ; 6 LEs                  ; Yes        ; |top|cactusX_2[1]                   ;
; 6:1                ; 5 bits    ; 20 LEs        ; 10 LEs               ; 10 LEs                 ; Yes        ; |top|cactusX_3[1]                   ;
; 6:1                ; 30 bits   ; 120 LEs       ; 60 LEs               ; 60 LEs                 ; Yes        ; |top|trexY[30]                      ;
; 4:1                ; 2 bits    ; 4 LEs         ; 4 LEs                ; 0 LEs                  ; Yes        ; |top|hCount[7]                      ;
; 4:1                ; 4 bits    ; 8 LEs         ; 8 LEs                ; 0 LEs                  ; Yes        ; |top|pteroX[6]                      ;
; 5:1                ; 4 bits    ; 12 LEs        ; 8 LEs                ; 4 LEs                  ; Yes        ; |top|vCount[6]                      ;
; 5:1                ; 4 bits    ; 12 LEs        ; 4 LEs                ; 8 LEs                  ; Yes        ; |top|cloudX_2[2]                    ;
; 5:1                ; 2 bits    ; 6 LEs         ; 2 LEs                ; 4 LEs                  ; Yes        ; |top|cloudX_1[3]                    ;
; 6:1                ; 2 bits    ; 8 LEs         ; 4 LEs                ; 4 LEs                  ; Yes        ; |top|cactusX_1[5]                   ;
; 6:1                ; 4 bits    ; 16 LEs        ; 8 LEs                ; 8 LEs                  ; Yes        ; |top|cactusX_2[2]                   ;
; 6:1                ; 2 bits    ; 8 LEs         ; 4 LEs                ; 4 LEs                  ; Yes        ; |top|cactusX_3[4]                   ;
; 6:1                ; 2 bits    ; 8 LEs         ; 4 LEs                ; 4 LEs                  ; Yes        ; |top|trexY[4]                       ;
; 3:1                ; 27 bits   ; 54 LEs        ; 27 LEs               ; 27 LEs                 ; No         ; |top|trexCount                      ;
; 4:1                ; 5 bits    ; 10 LEs        ; 5 LEs                ; 5 LEs                  ; No         ; |top|trexCount                      ;
; 4:1                ; 32 bits   ; 64 LEs        ; 32 LEs               ; 32 LEs                 ; No         ; |top|prescalerCount                 ;
; 7:1                ; 32 bits   ; 128 LEs       ; 64 LEs               ; 64 LEs                 ; No         ; |top|prescalerCount                 ;
+--------------------+-----------+---------------+----------------------+------------------------+------------+-------------------------------------+


+-------------------------------+
; Elapsed Time Per Partition    ;
+----------------+--------------+
; Partition Name ; Elapsed Time ;
+----------------+--------------+
; Top            ; 00:00:07     ;
+----------------+--------------+


+-------------------------------+
; Analysis & Synthesis Messages ;
+-------------------------------+
Info: *******************************************************************
Info: Running Quartus II 64-Bit Analysis & Synthesis
    Info: Version 13.1.0 Build 162 10/23/2013 SJ Web Edition
    Info: Processing started: Sat Nov 24 18:52:13 2018
Info: Command: quartus_map --read_settings_files=on --write_settings_files=off top -c top
Info (11104): Parallel Compilation has detected 4 hyper-threaded processors. However, the extra hyper-threaded processors will not be used by default. Parallel Compilation will use 2 of the 2 physical processors detected instead.
Info (12021): Found 2 design units, including 1 entities, in source file top.vhd
    Info (12022): Found design unit 1: top-Behavioral
    Info (12023): Found entity 1: top
Info (12021): Found 2 design units, including 1 entities, in source file displaydiver.vhd
    Info (12022): Found design unit 1: SegmentDriver-Behavioral
    Info (12023): Found entity 1: SegmentDriver
Info (12021): Found 2 design units, including 1 entities, in source file debounce.vhd
    Info (12022): Found design unit 1: Debo-onepulse
    Info (12023): Found entity 1: Debo
Info (12021): Found 2 design units, including 1 entities, in source file counter.vhd
    Info (12022): Found design unit 1: Counter-Behavioral
    Info (12023): Found entity 1: Counter
Info (12021): Found 2 design units, including 1 entities, in source file cdiv.vhd
    Info (12022): Found design unit 1: CDiv-Behavior
    Info (12023): Found entity 1: CDiv
Info (12021): Found 2 design units, including 1 entities, in source file binhexdecoder.vhd
    Info (12022): Found design unit 1: BcdSegDecoder-Behavioral
    Info (12023): Found entity 1: BcdSegDecoder
Info (12127): Elaborating entity "top" for the top level hierarchy
Warning (10541): VHDL Signal Declaration warning at top.vhd(29): used implicit default value for signal "anodes" because signal was never assigned a value or an explicit default value. Use of implicit default value may introduce unintended design optimizations.
Warning (10540): VHDL Signal Declaration warning at top.vhd(60): used explicit default value for signal "pteroY" because signal was never assigned a value
Warning (10540): VHDL Signal Declaration warning at top.vhd(64): used explicit default value for signal "cloudY_1" because signal was never assigned a value
Warning (10540): VHDL Signal Declaration warning at top.vhd(66): used explicit default value for signal "cloudY_2" because signal was never assigned a value
Warning (10540): VHDL Signal Declaration warning at top.vhd(73): used explicit default value for signal "cactusY" because signal was never assigned a value
Warning (10542): VHDL Variable Declaration warning at top.vhd(501): used initial value expression for variable "prescaler" because variable was never assigned a value
Warning (10542): VHDL Variable Declaration warning at top.vhd(687): used initial value expression for variable "waitTime" because variable was never assigned a value
Warning (10873): Using initial value X (don't care) for net "segment0[0]" at top.vhd(25)
Warning (10873): Using initial value X (don't care) for net "segment1[0]" at top.vhd(26)
Warning (10873): Using initial value X (don't care) for net "segment2[0]" at top.vhd(27)
Warning (10873): Using initial value X (don't care) for net "segment3[0]" at top.vhd(28)
Info (12128): Elaborating entity "Debo" for hierarchy "Debo:JumpDebo"
Warning (10492): VHDL Process Statement warning at DeBounce.vhd(25): signal "cnt" is read inside the Process Statement but isn't in the Process Statement's sensitivity list
Info (12128): Elaborating entity "CDiv" for hierarchy "CDiv:SegClock"
Warning (10492): VHDL Process Statement warning at CDiv.vhd(32): signal "D" is read inside the Process Statement but isn't in the Process Statement's sensitivity list
Info (12128): Elaborating entity "Counter" for hierarchy "Counter:ScoreCounter"
Warning (10542): VHDL Variable Declaration warning at counter.vhd(25): used initial value expression for variable "prescaler" because variable was never assigned a value
Warning (10492): VHDL Process Statement warning at counter.vhd(27): signal "reset" is read inside the Process Statement but isn't in the Process Statement's sensitivity list
Info (12128): Elaborating entity "BcdSegDecoder" for hierarchy "BcdSegDecoder:Digit1"
Warning (13024): Output pins are stuck at VCC or GND
    Warning (13410): Pin "Red[0]" is stuck at GND
    Warning (13410): Pin "Green[0]" is stuck at GND
    Warning (13410): Pin "Blue[0]" is stuck at GND
    Warning (13410): Pin "segment0[0]" is stuck at GND
    Warning (13410): Pin "segment1[0]" is stuck at GND
    Warning (13410): Pin "segment2[0]" is stuck at GND
    Warning (13410): Pin "segment3[0]" is stuck at GND
    Warning (13410): Pin "segment3[1]" is stuck at VCC
    Warning (13410): Pin "segment3[2]" is stuck at GND
    Warning (13410): Pin "segment3[3]" is stuck at GND
    Warning (13410): Pin "segment3[4]" is stuck at GND
    Warning (13410): Pin "segment3[5]" is stuck at GND
    Warning (13410): Pin "segment3[6]" is stuck at GND
    Warning (13410): Pin "segment3[7]" is stuck at GND
    Warning (13410): Pin "anodes[3]" is stuck at GND
    Warning (13410): Pin "anodes[2]" is stuck at GND
    Warning (13410): Pin "anodes[1]" is stuck at GND
    Warning (13410): Pin "anodes[0]" is stuck at GND
Info (286030): Timing-Driven Synthesis is running
Info (17049): 28 registers lost all their fanouts during netlist optimizations.
Info (16010): Generating hard_block partition "hard_block:auto_generated_inst"
    Info (16011): Adding 0 node(s), including 0 DDIO, 0 PLL, 0 transceiver and 0 LCELL
Info (21057): Implemented 2029 device resources after synthesis - the final resource count might be different
    Info (21058): Implemented 3 input pins
    Info (21059): Implemented 50 output pins
    Info (21061): Implemented 1976 logic cells
Info: Quartus II 64-Bit Analysis & Synthesis was successful. 0 errors, 34 warnings
    Info: Peak virtual memory: 4694 megabytes
    Info: Processing ended: Sat Nov 24 18:52:24 2018
    Info: Elapsed time: 00:00:11
    Info: Total CPU time (on all processors): 00:00:10


